c:\users\louis\documents\visual studio 2013\projects\ai_sample\ai_sample\debug\ai_sample.pch
c:\users\louis\documents\visual studio 2013\projects\ai_sample\ai_sample\debug\vc120.pdb
c:\users\louis\documents\visual studio 2013\projects\ai_sample\ai_sample\debug\stdafx.obj
c:\users\louis\documents\visual studio 2013\projects\ai_sample\ai_sample\debug\assemblyinfo.obj
c:\users\louis\documents\visual studio 2013\projects\ai_sample\ai_sample\debug\ai_sample.obj
c:\users\louis\documents\visual studio 2013\projects\ai_sample\ai_sample\debug\.netframework,version=v4.5.assemblyattributes.obj
c:\users\louis\documents\visual studio 2013\projects\ai_sample\debug\ai_sample.exe
c:\users\louis\documents\visual studio 2013\projects\ai_sample\debug\ai_sample.pdb
c:\users\louis\documents\visual studio 2013\projects\ai_sample\ai_sample\debug\app.res
c:\users\louis\documents\visual studio 2013\projects\ai_sample\ai_sample\debug\ai_sample.vcxprojresolveassemblyreference.cache
c:\users\louis\documents\visual studio 2013\projects\ai_sample\ai_sample\debug\ai_sample.tlog\cl.command.1.tlog
c:\users\louis\documents\visual studio 2013\projects\ai_sample\ai_sample\debug\ai_sample.tlog\cl.read.1.tlog
c:\users\louis\documents\visual studio 2013\projects\ai_sample\ai_sample\debug\ai_sample.tlog\cl.write.1.tlog
c:\users\louis\documents\visual studio 2013\projects\ai_sample\ai_sample\debug\ai_sample.tlog\link.command.1.tlog
c:\users\louis\documents\visual studio 2013\projects\ai_sample\ai_sample\debug\ai_sample.tlog\link.read.1.tlog
c:\users\louis\documents\visual studio 2013\projects\ai_sample\ai_sample\debug\ai_sample.tlog\link.write.1.tlog
c:\users\louis\documents\visual studio 2013\projects\ai_sample\ai_sample\debug\ai_sample.tlog\metagen.read.1.tlog
c:\users\louis\documents\visual studio 2013\projects\ai_sample\ai_sample\debug\ai_sample.tlog\metagen.write.1.tlog
c:\users\louis\documents\visual studio 2013\projects\ai_sample\ai_sample\debug\ai_sample.tlog\rc.command.1.tlog
c:\users\louis\documents\visual studio 2013\projects\ai_sample\ai_sample\debug\ai_sample.tlog\rc.read.1.tlog
c:\users\louis\documents\visual studio 2013\projects\ai_sample\ai_sample\debug\ai_sample.tlog\rc.write.1.tlog
c:\users\louis\documents\visual studio 2013\projects\ai_sample\ai_sample\debug\ai_sample.tlog\tzres.dll.bi
