c:\users\louis\desktop\dotv04unstable_02\dot\ai_sample\debug\dot.pch
c:\users\louis\desktop\dotv04unstable_02\dot\ai_sample\debug\vc120.pdb
c:\users\louis\desktop\dotv04unstable_02\dot\ai_sample\debug\stdafx.obj
c:\users\louis\desktop\dotv04unstable_02\dot\ai_sample\debug\fft.obj
c:\users\louis\desktop\dotv04unstable_02\dot\ai_sample\debug\complex.obj
c:\users\louis\desktop\dotv04unstable_02\dot\ai_sample\debug\assemblyinfo.obj
c:\users\louis\desktop\dotv04unstable_02\dot\ai_sample\debug\ai_sample.obj
c:\users\louis\desktop\dotv04unstable_02\dot\ai_sample\debug\.netframework,version=v4.5.assemblyattributes.obj
c:\users\louis\desktop\dotv04unstable_02\dot\debug\dot.lib
c:\users\louis\desktop\dotv04unstable_02\dot\debug\dot.exp
c:\users\louis\desktop\dotv04unstable_02\dot\debug\dot.dll
c:\users\louis\desktop\dotv04unstable_02\dot\debug\dot.pdb
c:\users\louis\desktop\dotv04unstable_02\dot\ai_sample\debug\app.res
c:\users\louis\desktop\dotv04unstable_02\dot\ai_sample\debug\ai_sample.vcxprojresolveassemblyreference.cache
c:\users\louis\desktop\dotv04unstable_02\dot\ai_sample\..\debug\dot.dll
c:\users\louis\desktop\dotv04unstable_02\dot\ai_sample\debug\dot.tlog\cl.command.1.tlog
c:\users\louis\desktop\dotv04unstable_02\dot\ai_sample\debug\dot.tlog\cl.read.1.tlog
c:\users\louis\desktop\dotv04unstable_02\dot\ai_sample\debug\dot.tlog\cl.write.1.tlog
c:\users\louis\desktop\dotv04unstable_02\dot\ai_sample\debug\dot.tlog\dot.write.1u.tlog
c:\users\louis\desktop\dotv04unstable_02\dot\ai_sample\debug\dot.tlog\link.command.1.tlog
c:\users\louis\desktop\dotv04unstable_02\dot\ai_sample\debug\dot.tlog\link.read.1.tlog
c:\users\louis\desktop\dotv04unstable_02\dot\ai_sample\debug\dot.tlog\link.write.1.tlog
c:\users\louis\desktop\dotv04unstable_02\dot\ai_sample\debug\dot.tlog\metagen.read.1.tlog
c:\users\louis\desktop\dotv04unstable_02\dot\ai_sample\debug\dot.tlog\metagen.write.1.tlog
c:\users\louis\desktop\dotv04unstable_02\dot\ai_sample\debug\dot.tlog\rc.command.1.tlog
c:\users\louis\desktop\dotv04unstable_02\dot\ai_sample\debug\dot.tlog\rc.read.1.tlog
c:\users\louis\desktop\dotv04unstable_02\dot\ai_sample\debug\dot.tlog\rc.write.1.tlog
c:\users\louis\desktop\dotv04unstable_02\dot\ai_sample\debug\dot.tlog\tzres.dll.bi
