c:\users\louis\desktop\dot\social_2\ai_sample\debug\social.pch
c:\users\louis\desktop\dot\social_2\ai_sample\debug\vc120.pdb
c:\users\louis\desktop\dot\social_2\ai_sample\debug\stdafx.obj
c:\users\louis\desktop\dot\social_2\ai_sample\debug\fft.obj
c:\users\louis\desktop\dot\social_2\ai_sample\debug\complex.obj
c:\users\louis\desktop\dot\social_2\ai_sample\debug\assemblyinfo.obj
c:\users\louis\desktop\dot\social_2\ai_sample\debug\ai_sample.obj
c:\users\louis\desktop\dot\social_2\ai_sample\debug\.netframework,version=v4.5.assemblyattributes.obj
c:\users\louis\desktop\dot\social_2\debug\social.dll
c:\users\louis\desktop\dot\social_2\debug\social.pdb
c:\users\louis\desktop\dot\social_2\ai_sample\debug\app.res
c:\users\louis\desktop\dot\social_2\debug\social.lib
c:\users\louis\desktop\dot\social_2\debug\social.exp
c:\users\louis\desktop\dot\social_2\ai_sample\debug\ai_sample.vcxprojresolveassemblyreference.cache
c:\users\louis\desktop\dot\social_2\ai_sample\..\debug\social.dll
c:\users\louis\desktop\dot\social_2\ai_sample\debug\social.tlog\cl.command.1.tlog
c:\users\louis\desktop\dot\social_2\ai_sample\debug\social.tlog\cl.read.1.tlog
c:\users\louis\desktop\dot\social_2\ai_sample\debug\social.tlog\cl.write.1.tlog
c:\users\louis\desktop\dot\social_2\ai_sample\debug\social.tlog\link.command.1.tlog
c:\users\louis\desktop\dot\social_2\ai_sample\debug\social.tlog\link.read.1.tlog
c:\users\louis\desktop\dot\social_2\ai_sample\debug\social.tlog\link.write.1.tlog
c:\users\louis\desktop\dot\social_2\ai_sample\debug\social.tlog\metagen.read.1.tlog
c:\users\louis\desktop\dot\social_2\ai_sample\debug\social.tlog\metagen.write.1.tlog
c:\users\louis\desktop\dot\social_2\ai_sample\debug\social.tlog\rc.command.1.tlog
c:\users\louis\desktop\dot\social_2\ai_sample\debug\social.tlog\rc.read.1.tlog
c:\users\louis\desktop\dot\social_2\ai_sample\debug\social.tlog\rc.write.1.tlog
c:\users\louis\desktop\dot\social_2\ai_sample\debug\social.tlog\social.write.1u.tlog
c:\users\louis\desktop\dot\social_2\ai_sample\debug\social.tlog\tzres.dll.bi
