c:\users\louis\desktop\dotv04unstable_02\dot\qtlinker\debug\vc120.pdb
c:\users\louis\desktop\dotv04unstable_02\dot\qtlinker\debug\grideditor.obj
c:\users\louis\desktop\dotv04unstable_02\dot\qtlinker\debug\graphicsvieweditor.obj
c:\users\louis\desktop\dotv04unstable_02\dot\qtlinker\debug\gradeditor.obj
c:\users\louis\desktop\dotv04unstable_02\dot\qtlinker\debug\moc_sidebar.obj
c:\users\louis\desktop\dotv04unstable_02\dot\qtlinker\debug\moc_runner.obj
c:\users\louis\desktop\dotv04unstable_02\dot\qtlinker\debug\moc_qtlinker.obj
c:\users\louis\desktop\dotv04unstable_02\dot\qtlinker\debug\moc_qpiemenu.obj
c:\users\louis\desktop\dotv04unstable_02\dot\qtlinker\debug\moc_qcustomplot.obj
c:\users\louis\desktop\dotv04unstable_02\dot\qtlinker\debug\moc_treewidget.obj
c:\users\louis\desktop\dotv04unstable_02\dot\qtlinker\debug\moc_treeviewentity.obj
c:\users\louis\desktop\dotv04unstable_02\dot\qtlinker\debug\moc_treeview.obj
c:\users\louis\desktop\dotv04unstable_02\dot\qtlinker\debug\moc_textboxwidget.obj
c:\users\louis\desktop\dotv04unstable_02\dot\qtlinker\debug\moc_sliderboxwidget.obj
c:\users\louis\desktop\dotv04unstable_02\dot\qtlinker\debug\moc_objecteditor.obj
c:\users\louis\desktop\dotv04unstable_02\dot\qtlinker\debug\moc_mainwindow.obj
c:\users\louis\desktop\dotv04unstable_02\dot\qtlinker\debug\moc_inheritance.obj
c:\users\louis\desktop\dotv04unstable_02\dot\qtlinker\debug\moc_grideditor.obj
c:\users\louis\desktop\dotv04unstable_02\dot\qtlinker\debug\moc_gradeditor.obj
c:\users\louis\desktop\dotv04unstable_02\dot\qtlinker\debug\sidebar.obj
c:\users\louis\desktop\dotv04unstable_02\dot\qtlinker\debug\qcustomplot.obj
c:\users\louis\desktop\dotv04unstable_02\dot\qtlinker\debug\runner.obj
c:\users\louis\desktop\dotv04unstable_02\dot\qtlinker\debug\qtlinker.obj
c:\users\louis\desktop\dotv04unstable_02\dot\qtlinker\debug\qpiemenu.obj
c:\users\louis\desktop\dotv04unstable_02\dot\qtlinker\debug\main.obj
c:\users\louis\desktop\dotv04unstable_02\dot\qtlinker\debug\treewidget.obj
c:\users\louis\desktop\dotv04unstable_02\dot\qtlinker\debug\treeviewentity.obj
c:\users\louis\desktop\dotv04unstable_02\dot\qtlinker\debug\treeview.obj
c:\users\louis\desktop\dotv04unstable_02\dot\qtlinker\debug\treeitem.obj
c:\users\louis\desktop\dotv04unstable_02\dot\qtlinker\debug\textboxwidget.obj
c:\users\louis\desktop\dotv04unstable_02\dot\qtlinker\debug\sliderboxwidget.obj
c:\users\louis\desktop\dotv04unstable_02\dot\qtlinker\debug\objecteditor.obj
c:\users\louis\desktop\dotv04unstable_02\dot\qtlinker\debug\mainwindow.obj
c:\users\louis\desktop\dotv04unstable_02\dot\qtlinker\debug\fft.obj
c:\users\louis\desktop\dotv04unstable_02\dot\qtlinker\debug\complex.obj
c:\users\louis\desktop\dotv04unstable_02\dot\qtlinker\debug\qrc_qtlinker.obj
c:\users\louis\desktop\dotv04unstable_02\dot\qtlinker\generatedfiles\debug\moc_qtlinker.cpp
c:\users\louis\desktop\dotv04unstable_02\dot\qtlinker\generatedfiles\qrc_qtlinker.cpp
c:\users\louis\desktop\dotv04unstable_02\dot\qtlinker\generatedfiles\debug\moc_runner.cpp
c:\users\louis\desktop\dotv04unstable_02\dot\qtlinker\generatedfiles\debug\moc_qcustomplot.cpp
c:\users\louis\desktop\dotv04unstable_02\dot\qtlinker\generatedfiles\debug\moc_mainwindow.cpp
c:\users\louis\desktop\dotv04unstable_02\dot\qtlinker\generatedfiles\debug\moc_sidebar.cpp
c:\users\louis\desktop\dotv04unstable_02\dot\qtlinker\generatedfiles\debug\moc_treeview.cpp
c:\users\louis\desktop\dotv04unstable_02\dot\qtlinker\generatedfiles\debug\moc_treeviewentity.cpp
c:\users\louis\desktop\dotv04unstable_02\dot\qtlinker\generatedfiles\debug\moc_objecteditor.cpp
c:\users\louis\desktop\dotv04unstable_02\dot\qtlinker\generatedfiles\debug\moc_textboxwidget.cpp
c:\users\louis\desktop\dotv04unstable_02\dot\qtlinker\generatedfiles\debug\moc_gradeditor.cpp
c:\users\louis\desktop\dotv04unstable_02\dot\qtlinker\generatedfiles\debug\moc_sliderboxwidget.cpp
c:\users\louis\desktop\dotv04unstable_02\dot\qtlinker\generatedfiles\debug\moc_grideditor.cpp
c:\users\louis\desktop\dotv04unstable_02\dot\qtlinker\generatedfiles\debug\moc_qpiemenu.cpp
c:\users\louis\desktop\dotv04unstable_02\dot\qtlinker\generatedfiles\debug\moc_inheritance.cpp
c:\users\louis\desktop\dotv04unstable_02\dot\qtlinker\generatedfiles\debug\moc_treewidget.cpp
c:\users\louis\desktop\dotv04unstable_02\dot\debug\qtlinker.ilk
c:\users\louis\desktop\dotv04unstable_02\dot\debug\qtlinker.exe
c:\users\louis\desktop\dotv04unstable_02\dot\debug\qtlinker.pdb
c:\users\louis\desktop\dotv04unstable_02\dot\qtlinker\debug\qtlinker.tlog\cl.command.1.tlog
c:\users\louis\desktop\dotv04unstable_02\dot\qtlinker\debug\qtlinker.tlog\cl.read.1.tlog
c:\users\louis\desktop\dotv04unstable_02\dot\qtlinker\debug\qtlinker.tlog\cl.write.1.tlog
c:\users\louis\desktop\dotv04unstable_02\dot\qtlinker\debug\qtlinker.tlog\custombuild.command.1.tlog
c:\users\louis\desktop\dotv04unstable_02\dot\qtlinker\debug\qtlinker.tlog\custombuild.read.1.tlog
c:\users\louis\desktop\dotv04unstable_02\dot\qtlinker\debug\qtlinker.tlog\custombuild.write.1.tlog
c:\users\louis\desktop\dotv04unstable_02\dot\qtlinker\debug\qtlinker.tlog\link.command.1.tlog
c:\users\louis\desktop\dotv04unstable_02\dot\qtlinker\debug\qtlinker.tlog\link.read.1.tlog
c:\users\louis\desktop\dotv04unstable_02\dot\qtlinker\debug\qtlinker.tlog\link.write.1.tlog
