Build started 9/12/2014 4:47:23 PM.
     1>Project "C:\Users\Louis\Desktop\DOT\Social_2\AI_Sample\AI_Sample.vcxproj" on node 2 (Rebuild target(s)).
     1>ClCompile:
         C:\Program Files (x86)\Microsoft Visual Studio 12.0\VC\bin\x86_amd64\CL.exe /c /AI"C:\Program Files (x86)\Reference Assemblies\Microsoft\Framework\.NETFramework\v4.5\\" /AI"C:\Program Files (x86)\Windows Kits\8.1\References\CommonConfiguration\Neutral" /AI"C:\Program Files (x86)\Reference Assemblies\Microsoft\Framework\.NETFramework\v4.5\Facades\\" /Zi /clr /nologo /W3 /WX- /Od /D WIN32 /D _DEBUG /D _WINDLL /D _UNICODE /D UNICODE /EHa /MDd /GS /fp:precise /Zc:wchar_t /Zc:forScope /Yc"stdafx.h" /Fp"x64\Debug\Social.pch" /Fo"x64\Debug\\" /Fd"x64\Debug\vc120.pdb" /TP /FU"C:\Program Files (x86)\Reference Assemblies\Microsoft\Framework\.NETFramework\v4.5\mscorlib.dll" /FU"C:\Program Files (x86)\Reference Assemblies\Microsoft\Framework\.NETFramework\v4.5\System.Data.dll" /FU"C:\Program Files (x86)\Reference Assemblies\Microsoft\Framework\.NETFramework\v4.5\System.dll" /FU"C:\Program Files (x86)\Reference Assemblies\Microsoft\Framework\.NETFramework\v4.5\System.Xml.dll" /errorReport:prompt /clr:nostdlib stdafx.cpp
         stdafx.cpp
         C:\Program Files (x86)\Microsoft Visual Studio 12.0\VC\bin\x86_amd64\CL.exe /c /AI"C:\Program Files (x86)\Reference Assemblies\Microsoft\Framework\.NETFramework\v4.5\\" /AI"C:\Program Files (x86)\Windows Kits\8.1\References\CommonConfiguration\Neutral" /AI"C:\Program Files (x86)\Reference Assemblies\Microsoft\Framework\.NETFramework\v4.5\Facades\\" /Zi /clr /nologo /W3 /WX- /Od /D WIN32 /D _DEBUG /D _WINDLL /D _UNICODE /D UNICODE /EHa /MDd /GS /fp:precise /Zc:wchar_t /Zc:forScope /Yu"stdafx.h" /Fp"x64\Debug\Social.pch" /Fo"x64\Debug\\" /Fd"x64\Debug\vc120.pdb" /TP /FU"C:\Program Files (x86)\Reference Assemblies\Microsoft\Framework\.NETFramework\v4.5\mscorlib.dll" /FU"C:\Program Files (x86)\Reference Assemblies\Microsoft\Framework\.NETFramework\v4.5\System.Data.dll" /FU"C:\Program Files (x86)\Reference Assemblies\Microsoft\Framework\.NETFramework\v4.5\System.dll" /FU"C:\Program Files (x86)\Reference Assemblies\Microsoft\Framework\.NETFramework\v4.5\System.Xml.dll" /errorReport:prompt /clr:nostdlib AI_Sample.cpp AssemblyInfo.cpp
         AI_Sample.cpp
     1>c:\users\louis\desktop\dot\social_2\ai_sample\Entity.h(175): warning C4267: 'argument' : conversion from 'size_t' to 'int', possible loss of data
     1>c:\users\louis\desktop\dot\social_2\ai_sample\Entity.h(194): warning C4267: '=' : conversion from 'size_t' to 'int', possible loss of data
     1>c:\users\louis\desktop\dot\social_2\ai_sample\Entity.h(196): warning C4267: '=' : conversion from 'size_t' to 'int', possible loss of data
     1>c:\users\louis\desktop\dot\social_2\ai_sample\Entity.h(352): warning C4267: '/=' : conversion from 'size_t' to 'int', possible loss of data
     1>c:\users\louis\desktop\dot\social_2\ai_sample\World.h(35): warning C4244: 'argument' : conversion from '__int64' to 'int', possible loss of data
     1>c:\users\louis\desktop\dot\social_2\ai_sample\World.h(97): warning C4244: '=' : conversion from '__int64' to 'int', possible loss of data
     1>c:\users\louis\desktop\dot\social_2\ai_sample\World.h(103): warning C4244: '=' : conversion from '__int64' to 'int', possible loss of data
         AssemblyInfo.cpp
         Generating Code...
         C:\Program Files (x86)\Microsoft Visual Studio 12.0\VC\bin\x86_amd64\CL.exe /c /Zi /clr /nologo /W3 /WX- /Od /D WIN32 /D _DEBUG /D _WINDLL /D _UNICODE /D UNICODE /EHa /MDd /GS /fp:precise /Zc:wchar_t /Zc:forScope /Fo"x64\Debug\\" /Fd"x64\Debug\vc120.pdb" /TP /errorReport:prompt "C:\Users\Louis\AppData\Local\Temp\.NETFramework,Version=v4.5.AssemblyAttributes.cpp"
         .NETFramework,Version=v4.5.AssemblyAttributes.cpp
       ResourceCompile:
         C:\Program Files (x86)\Windows Kits\8.1\bin\x86\rc.exe /D _UNICODE /D UNICODE /l"0x0409" /nologo /fo"x64\Debug\app.res" app.rc 
       Link:
         C:\Program Files (x86)\Microsoft Visual Studio 12.0\VC\bin\x86_amd64\link.exe /ERRORREPORT:PROMPT /OUT:"C:\Users\Louis\Desktop\DOT\Social_2\x64\Debug\Social.dll" /INCREMENTAL /NOLOGO /MANIFEST /MANIFESTUAC:"level='asInvoker' uiAccess='false'" /manifest:embed /DEBUG /PDB:"C:\Users\Louis\Desktop\DOT\Social_2\x64\Debug\Social.pdb" /ASSEMBLYDEBUG /SUBSYSTEM:CONSOLE /TLBID:1 /DYNAMICBASE /FIXED:NO /NXCOMPAT /MACHINE:X64 /DLL x64\Debug\app.res
         x64\Debug\AI_Sample.obj
         x64\Debug\AssemblyInfo.obj
         x64\Debug\stdafx.obj
         "x64\Debug\.NETFramework,Version=v4.5.AssemblyAttributes.obj"
            Creating library C:\Users\Louis\Desktop\DOT\Social_2\x64\Debug\Social.lib and object C:\Users\Louis\Desktop\DOT\Social_2\x64\Debug\Social.exp
         AI_Sample.vcxproj -> C:\Users\Louis\Desktop\DOT\Social_2\x64\Debug\Social.dll
     1>Done Building Project "C:\Users\Louis\Desktop\DOT\Social_2\AI_Sample\AI_Sample.vcxproj" (Rebuild target(s)).

Build succeeded.

Time Elapsed 00:00:01.86
