Build started 9/10/2014 6:29:42 PM.
     1>Project "C:\Users\Andrew\Desktop\Social_2\AI_Sample\AI_Sample.vcxproj" on node 2 (Build target(s)).
     1>InitializeBuildStatus:
         Touching "Release\Social.tlog\unsuccessfulbuild".
       GenerateTargetFrameworkMonikerAttribute:
       Skipping target "GenerateTargetFrameworkMonikerAttribute" because all output files are up-to-date with respect to the input files.
       ClCompile:
         All outputs are up-to-date.
         All outputs are up-to-date.
         All outputs are up-to-date.
       ResourceCompile:
         All outputs are up-to-date.
       Link:
         C:\Program Files (x86)\Microsoft Visual Studio 12.0\VC\bin\link.exe /ERRORREPORT:PROMPT /OUT:"C:\Users\Andrew\Desktop\Social_2\Release\Social.exe" /INCREMENTAL:NO /NOLOGO /MANIFEST /MANIFESTUAC:"level='asInvoker' uiAccess='false'" /manifest:embed /DEBUG /PDB:"C:\Users\Andrew\Desktop\Social_2\Release\Social.pdb" /SUBSYSTEM:CONSOLE /TLBID:1 /DYNAMICBASE /FIXED:NO /NXCOMPAT /MACHINE:X86 /SAFESEH Release\app.res
         Release\AI_Sample.obj
         Release\AssemblyInfo.obj
         Release\stdafx.obj
         "Release\.NETFramework,Version=v4.5.AssemblyAttributes.obj"
            Creating library C:\Users\Andrew\Desktop\Social_2\Release\Social.lib and object C:\Users\Andrew\Desktop\Social_2\Release\Social.exp
     1>MSVCRT.lib(crtexe.obj) : error LNK2019: unresolved external symbol _main referenced in function ___tmainCRTStartup
     1>C:\Users\Andrew\Desktop\Social_2\Release\Social.exe : fatal error LNK1120: 1 unresolved externals
     1>Done Building Project "C:\Users\Andrew\Desktop\Social_2\AI_Sample\AI_Sample.vcxproj" (Build target(s)) -- FAILED.

Build FAILED.

Time Elapsed 00:00:00.45
